<?xml version="1.0" encoding="UTF-8"?>
<!-- Generated by org.testng.reporters.JUnitReportReporter -->
<testsuite hostname="DESKTOP-QH08G25" name="test.TESTFramework" tests="1" failures="0" timestamp="19 Feb 2020 09:49:45 GMT" time="13.238" errors="0">
  <testcase name="enter" time="13.238" classname="test.TESTFramework"/>
</testsuite> <!-- test.TESTFramework -->
